\BOOKMARK [1][-]{section.1}{Overall\040structure}{}% 1
\BOOKMARK [2][-]{subsection.1.1}{Requirements}{section.1}% 2
\BOOKMARK [2][-]{subsection.1.2}{Coding\040guideline}{section.1}% 3
\BOOKMARK [2][-]{subsection.1.3}{Instruction\040fetch}{section.1}% 4
\BOOKMARK [2][-]{subsection.1.4}{Instruction\040decode}{section.1}% 5
\BOOKMARK [3][-]{subsubsection.1.4.1}{Instruction\040set}{subsection.1.4}% 6
\BOOKMARK [2][-]{subsection.1.5}{Execution}{section.1}% 7
\BOOKMARK [2][-]{subsection.1.6}{Memory}{section.1}% 8
\BOOKMARK [2][-]{subsection.1.7}{Write\040back}{section.1}% 9
\BOOKMARK [2][-]{subsection.1.8}{Pipeline}{section.1}% 10
\BOOKMARK [1][-]{section.2}{Modules}{}% 11
\BOOKMARK [2][-]{subsection.2.1}{Constants}{section.2}% 12
\BOOKMARK [2][-]{subsection.2.2}{Multiplexers}{section.2}% 13
\BOOKMARK [2][-]{subsection.2.3}{Registers}{section.2}% 14
\BOOKMARK [3][-]{subsubsection.2.3.1}{Register\040files}{subsection.2.3}% 15
\BOOKMARK [3][-]{subsubsection.2.3.2}{Program\040counter}{subsection.2.3}% 16
\BOOKMARK [2][-]{subsection.2.4}{Memories}{section.2}% 17
\BOOKMARK [3][-]{subsubsection.2.4.1}{Instructor\040memory}{subsection.2.4}% 18
\BOOKMARK [3][-]{subsubsection.2.4.2}{Data\040memory}{subsection.2.4}% 19
\BOOKMARK [2][-]{subsection.2.5}{ALU}{section.2}% 20
\BOOKMARK [3][-]{subsubsection.2.5.1}{Comparator}{subsection.2.5}% 21
\BOOKMARK [3][-]{subsubsection.2.5.2}{Sign\040extended}{subsection.2.5}% 22
\BOOKMARK [2][-]{subsection.2.6}{Control\040units}{section.2}% 23
\BOOKMARK [3][-]{subsubsection.2.6.1}{General\040control}{subsection.2.6}% 24
\BOOKMARK [3][-]{subsubsection.2.6.2}{ALU\040control}{subsection.2.6}% 25
\BOOKMARK [3][-]{subsubsection.2.6.3}{Hazard\040detection\040unit}{subsection.2.6}% 26
\BOOKMARK [3][-]{subsubsection.2.6.4}{Forwarding\040control\040unit}{subsection.2.6}% 27
\BOOKMARK [1][-]{section.3}{Evaluation}{}% 28
\BOOKMARK [2][-]{subsection.3.1}{Timing\040sequence\040verification}{section.3}% 29
\BOOKMARK [2][-]{subsection.3.2}{Test\040bench}{section.3}% 30
\BOOKMARK [2][-]{subsection.3.3}{Fibonacci}{section.3}% 31
\BOOKMARK [1][-]{section.4}{Work}{}% 32
\BOOKMARK [2][-]{subsection.4.1}{Difficulties}{section.4}% 33
\BOOKMARK [2][-]{subsection.4.2}{Workload}{section.4}% 34
\BOOKMARK [1][-]{section.5}{Referenc}{}% 35
